0 info it worked if it ends with ok
1 verbose cli [ 'node',
1 verbose cli   '/Users/arnaudpichon/.nvm/versions/node/v0.12.0/bin/npm',
1 verbose cli   'i',
1 verbose cli   '--save',
1 verbose cli   'snorpey/glitch-canvas' ]
2 info using npm@2.12.0
3 info using node@v0.12.0
4 verbose install initial load of /Users/arnaudpichon/dev/lolfol/package.json
5 warn package.json webpack-basic@1.0.0 No repository field.
6 verbose installManyTop reading scoped package data from /Users/arnaudpichon/dev/lolfol/node_modules/autobind-decorator/package.json
7 verbose installManyTop reading scoped package data from /Users/arnaudpichon/dev/lolfol/node_modules/babel/package.json
8 verbose installManyTop reading scoped package data from /Users/arnaudpichon/dev/lolfol/node_modules/babel-core/package.json
9 verbose installManyTop reading scoped package data from /Users/arnaudpichon/dev/lolfol/node_modules/babel-loader/package.json
10 verbose installManyTop reading scoped package data from /Users/arnaudpichon/dev/lolfol/node_modules/classnames/package.json
11 verbose installManyTop reading scoped package data from /Users/arnaudpichon/dev/lolfol/node_modules/css-loader/package.json
12 verbose installManyTop reading scoped package data from /Users/arnaudpichon/dev/lolfol/node_modules/d3/package.json
13 verbose installManyTop reading scoped package data from /Users/arnaudpichon/dev/lolfol/node_modules/del/package.json
14 verbose installManyTop reading scoped package data from /Users/arnaudpichon/dev/lolfol/node_modules/extract-text-webpack-plugin/package.json
15 verbose installManyTop reading scoped package data from /Users/arnaudpichon/dev/lolfol/node_modules/flux/package.json
16 verbose installManyTop reading scoped package data from /Users/arnaudpichon/dev/lolfol/node_modules/html-webpack-plugin/package.json
17 verbose installManyTop reading scoped package data from /Users/arnaudpichon/dev/lolfol/node_modules/immutable/package.json
18 verbose installManyTop reading scoped package data from /Users/arnaudpichon/dev/lolfol/node_modules/keymirror/package.json
19 verbose installManyTop reading scoped package data from /Users/arnaudpichon/dev/lolfol/node_modules/lodash/package.json
20 verbose installManyTop reading scoped package data from /Users/arnaudpichon/dev/lolfol/node_modules/ncp/package.json
21 verbose installManyTop reading scoped package data from /Users/arnaudpichon/dev/lolfol/node_modules/node-libs-browser/package.json
22 verbose installManyTop reading scoped package data from /Users/arnaudpichon/dev/lolfol/node_modules/node-sass/package.json
23 verbose installManyTop reading scoped package data from /Users/arnaudpichon/dev/lolfol/node_modules/object-assign/package.json
24 verbose installManyTop reading scoped package data from /Users/arnaudpichon/dev/lolfol/node_modules/react/package.json
25 verbose installManyTop reading scoped package data from /Users/arnaudpichon/dev/lolfol/node_modules/react-canvas/package.json
26 verbose installManyTop reading scoped package data from /Users/arnaudpichon/dev/lolfol/node_modules/react-hot-loader/package.json
27 verbose installManyTop reading scoped package data from /Users/arnaudpichon/dev/lolfol/node_modules/react-motion/package.json
28 verbose installManyTop reading scoped package data from /Users/arnaudpichon/dev/lolfol/node_modules/redux/package.json
29 verbose installManyTop reading scoped package data from /Users/arnaudpichon/dev/lolfol/node_modules/sass-loader/package.json
30 verbose installManyTop reading scoped package data from /Users/arnaudpichon/dev/lolfol/node_modules/style-loader/package.json
31 verbose installManyTop reading scoped package data from /Users/arnaudpichon/dev/lolfol/node_modules/uglify-js/package.json
32 verbose installManyTop reading scoped package data from /Users/arnaudpichon/dev/lolfol/node_modules/uid/package.json
33 verbose installManyTop reading scoped package data from /Users/arnaudpichon/dev/lolfol/node_modules/webpack/package.json
34 verbose installManyTop reading scoped package data from /Users/arnaudpichon/dev/lolfol/node_modules/webpack-dev-server/package.json
35 info package.json autobind-decorator@1.2.0 No repository field.
36 info package.json babel-core@5.8.3 No README data
37 info package.json flux@2.0.3 license should be a valid SPDX license expression
38 info package.json keymirror@0.1.1 No license field.
39 info package.json uglify-js@2.4.23 license should be a valid SPDX license expression
40 verbose readDependencies loading dependencies from /Users/arnaudpichon/dev/lolfol/package.json
41 silly cache add args [ 'snorpey/glitch-canvas', null ]
42 verbose cache add spec snorpey/glitch-canvas
43 silly cache add parsed spec { raw: 'snorpey/glitch-canvas',
43 silly cache add   scope: null,
43 silly cache add   name: null,
43 silly cache add   rawSpec: 'snorpey/glitch-canvas',
43 silly cache add   spec: 'github:snorpey/glitch-canvas',
43 silly cache add   type: 'hosted',
43 silly cache add   hosted:
43 silly cache add    { type: 'github',
43 silly cache add      ssh: 'git@github.com:snorpey/glitch-canvas.git',
43 silly cache add      sshUrl: 'git+ssh://git@github.com/snorpey/glitch-canvas.git',
43 silly cache add      httpsUrl: 'git+https://github.com/snorpey/glitch-canvas.git',
43 silly cache add      gitUrl: 'git://github.com/snorpey/glitch-canvas.git',
43 silly cache add      shortcut: 'github:snorpey/glitch-canvas',
43 silly cache add      directUrl: 'https://raw.githubusercontent.com/snorpey/glitch-canvas/master/package.json' } }
44 verbose addRemoteGit caching snorpey/glitch-canvas
45 verbose addRemoteGit snorpey/glitch-canvas is a repository hosted by github
46 silly tryGitProto attempting to clone git://github.com/snorpey/glitch-canvas.git
47 silly tryClone cloning snorpey/glitch-canvas via git://github.com/snorpey/glitch-canvas.git
48 verbose tryClone git-github-com-snorpey-glitch-canvas-git-1343b2d7 not in flight; caching
49 info git [ 'clone',
49 info git   '--template=/Users/arnaudpichon/.npm/_git-remotes/_templates',
49 info git   '--mirror',
49 info git   'git://github.com/snorpey/glitch-canvas.git',
49 info git   '/Users/arnaudpichon/.npm/_git-remotes/git-github-com-snorpey-glitch-canvas-git-1343b2d7' ]
50 verbose mirrorRemote snorpey/glitch-canvas git clone git://github.com/snorpey/glitch-canvas.git
51 verbose setPermissions snorpey/glitch-canvas set permissions on /Users/arnaudpichon/.npm/_git-remotes/git-github-com-snorpey-glitch-canvas-git-1343b2d7
52 verbose resolveHead snorpey/glitch-canvas original treeish: master
53 info git [ 'rev-list', '-n1', 'master' ]
54 silly resolveHead snorpey/glitch-canvas resolved treeish: 3a898dc9ee7a2d97d387a3dfcd92a0b8a28ff68d
55 verbose resolveHead snorpey/glitch-canvas resolved Git URL: git://github.com/snorpey/glitch-canvas.git#3a898dc9ee7a2d97d387a3dfcd92a0b8a28ff68d
56 silly resolveHead Git working directory: /var/folders/32/hwtnq2v93kbg_zqqvqbs8msh0000gn/T/npm-28832-61e451b6/git-cache-302eed2467ae/3a898dc9ee7a2d97d387a3dfcd92a0b8a28ff68d
57 info git [ 'clone',
57 info git   '/Users/arnaudpichon/.npm/_git-remotes/git-github-com-snorpey-glitch-canvas-git-1343b2d7',
57 info git   '/var/folders/32/hwtnq2v93kbg_zqqvqbs8msh0000gn/T/npm-28832-61e451b6/git-cache-302eed2467ae/3a898dc9ee7a2d97d387a3dfcd92a0b8a28ff68d' ]
58 verbose cloneResolved snorpey/glitch-canvas clone Cloning into '/var/folders/32/hwtnq2v93kbg_zqqvqbs8msh0000gn/T/npm-28832-61e451b6/git-cache-302eed2467ae/3a898dc9ee7a2d97d387a3dfcd92a0b8a28ff68d'...
58 verbose cloneResolved done.
59 info git [ 'checkout', '3a898dc9ee7a2d97d387a3dfcd92a0b8a28ff68d' ]
60 verbose checkoutTreeish snorpey/glitch-canvas checkout Note: checking out '3a898dc9ee7a2d97d387a3dfcd92a0b8a28ff68d'.
60 verbose checkoutTreeish
60 verbose checkoutTreeish You are in 'detached HEAD' state. You can look around, make experimental
60 verbose checkoutTreeish changes and commit them, and you can discard any commits you make in this
60 verbose checkoutTreeish state without impacting any branches by performing another checkout.
60 verbose checkoutTreeish
60 verbose checkoutTreeish If you want to create a new branch to retain commits you create, you may
60 verbose checkoutTreeish do so (now or later) by using -b with the checkout command again. Example:
60 verbose checkoutTreeish
60 verbose checkoutTreeish   git checkout -b new_branch_name
60 verbose checkoutTreeish
60 verbose checkoutTreeish HEAD is now at 3a898dc... ignore examples, bump version
61 error addLocal Could not install /var/folders/32/hwtnq2v93kbg_zqqvqbs8msh0000gn/T/npm-28832-61e451b6/git-cache-302eed2467ae/3a898dc9ee7a2d97d387a3dfcd92a0b8a28ff68d
62 silly tryHTTPS attempting to clone git+https://github.com/snorpey/glitch-canvas.git
63 silly tryClone cloning snorpey/glitch-canvas via git+https://github.com/snorpey/glitch-canvas.git
64 verbose tryClone https-github-com-snorpey-glitch-canvas-git-8edfd797 not in flight; caching
65 info git [ 'config', '--get', 'remote.origin.url' ]
66 silly validateExistingRemote snorpey/glitch-canvas remote.origin.url: https://github.com/snorpey/glitch-canvas.git
67 verbose validateExistingRemote snorpey/glitch-canvas is updating existing cached remote /Users/arnaudpichon/.npm/_git-remotes/https-github-com-snorpey-glitch-canvas-git-8edfd797
68 info git [ 'fetch', '-a', 'origin' ]
69 verbose updateRemote git fetch -a origin (https://github.com/snorpey/glitch-canvas.git)
70 verbose setPermissions snorpey/glitch-canvas set permissions on /Users/arnaudpichon/.npm/_git-remotes/https-github-com-snorpey-glitch-canvas-git-8edfd797
71 verbose resolveHead snorpey/glitch-canvas original treeish: master
72 info git [ 'rev-list', '-n1', 'master' ]
73 silly resolveHead snorpey/glitch-canvas resolved treeish: 3a898dc9ee7a2d97d387a3dfcd92a0b8a28ff68d
74 verbose resolveHead snorpey/glitch-canvas resolved Git URL: git+https://github.com/snorpey/glitch-canvas.git#3a898dc9ee7a2d97d387a3dfcd92a0b8a28ff68d
75 silly resolveHead Git working directory: /var/folders/32/hwtnq2v93kbg_zqqvqbs8msh0000gn/T/npm-28832-61e451b6/git-cache-36d1d1bf8a9b/3a898dc9ee7a2d97d387a3dfcd92a0b8a28ff68d
76 info git [ 'clone',
76 info git   '/Users/arnaudpichon/.npm/_git-remotes/https-github-com-snorpey-glitch-canvas-git-8edfd797',
76 info git   '/var/folders/32/hwtnq2v93kbg_zqqvqbs8msh0000gn/T/npm-28832-61e451b6/git-cache-36d1d1bf8a9b/3a898dc9ee7a2d97d387a3dfcd92a0b8a28ff68d' ]
77 verbose cloneResolved snorpey/glitch-canvas clone Cloning into '/var/folders/32/hwtnq2v93kbg_zqqvqbs8msh0000gn/T/npm-28832-61e451b6/git-cache-36d1d1bf8a9b/3a898dc9ee7a2d97d387a3dfcd92a0b8a28ff68d'...
77 verbose cloneResolved done.
78 info git [ 'checkout', '3a898dc9ee7a2d97d387a3dfcd92a0b8a28ff68d' ]
79 verbose checkoutTreeish snorpey/glitch-canvas checkout Note: checking out '3a898dc9ee7a2d97d387a3dfcd92a0b8a28ff68d'.
79 verbose checkoutTreeish
79 verbose checkoutTreeish You are in 'detached HEAD' state. You can look around, make experimental
79 verbose checkoutTreeish changes and commit them, and you can discard any commits you make in this
79 verbose checkoutTreeish state without impacting any branches by performing another checkout.
79 verbose checkoutTreeish
79 verbose checkoutTreeish If you want to create a new branch to retain commits you create, you may
79 verbose checkoutTreeish do so (now or later) by using -b with the checkout command again. Example:
79 verbose checkoutTreeish
79 verbose checkoutTreeish   git checkout -b new_branch_name
79 verbose checkoutTreeish
79 verbose checkoutTreeish HEAD is now at 3a898dc... ignore examples, bump version
80 error addLocal Could not install /var/folders/32/hwtnq2v93kbg_zqqvqbs8msh0000gn/T/npm-28832-61e451b6/git-cache-36d1d1bf8a9b/3a898dc9ee7a2d97d387a3dfcd92a0b8a28ff68d
81 silly trySSH attempting to clone git@github.com:snorpey/glitch-canvas.git
82 silly tryClone cloning snorpey/glitch-canvas via git@github.com:snorpey/glitch-canvas.git
83 verbose tryClone git-github-com-snorpey-glitch-canvas-git-400b95a2 not in flight; caching
84 info git [ 'clone',
84 info git   '--template=/Users/arnaudpichon/.npm/_git-remotes/_templates',
84 info git   '--mirror',
84 info git   'git@github.com:snorpey/glitch-canvas.git',
84 info git   '/Users/arnaudpichon/.npm/_git-remotes/git-github-com-snorpey-glitch-canvas-git-400b95a2' ]
85 verbose mirrorRemote snorpey/glitch-canvas git clone git@github.com:snorpey/glitch-canvas.git
86 verbose setPermissions snorpey/glitch-canvas set permissions on /Users/arnaudpichon/.npm/_git-remotes/git-github-com-snorpey-glitch-canvas-git-400b95a2
87 verbose resolveHead snorpey/glitch-canvas original treeish: master
88 info git [ 'rev-list', '-n1', 'master' ]
89 silly resolveHead snorpey/glitch-canvas resolved treeish: 3a898dc9ee7a2d97d387a3dfcd92a0b8a28ff68d
90 verbose resolveHead snorpey/glitch-canvas resolved Git URL: git+ssh://git@github.com/snorpey/glitch-canvas.git#3a898dc9ee7a2d97d387a3dfcd92a0b8a28ff68d
91 silly resolveHead Git working directory: /var/folders/32/hwtnq2v93kbg_zqqvqbs8msh0000gn/T/npm-28832-61e451b6/git-cache-ec495e74ba5c/3a898dc9ee7a2d97d387a3dfcd92a0b8a28ff68d
92 info git [ 'clone',
92 info git   '/Users/arnaudpichon/.npm/_git-remotes/git-github-com-snorpey-glitch-canvas-git-400b95a2',
92 info git   '/var/folders/32/hwtnq2v93kbg_zqqvqbs8msh0000gn/T/npm-28832-61e451b6/git-cache-ec495e74ba5c/3a898dc9ee7a2d97d387a3dfcd92a0b8a28ff68d' ]
93 verbose cloneResolved snorpey/glitch-canvas clone Cloning into '/var/folders/32/hwtnq2v93kbg_zqqvqbs8msh0000gn/T/npm-28832-61e451b6/git-cache-ec495e74ba5c/3a898dc9ee7a2d97d387a3dfcd92a0b8a28ff68d'...
93 verbose cloneResolved done.
94 info git [ 'checkout', '3a898dc9ee7a2d97d387a3dfcd92a0b8a28ff68d' ]
95 verbose checkoutTreeish snorpey/glitch-canvas checkout Note: checking out '3a898dc9ee7a2d97d387a3dfcd92a0b8a28ff68d'.
95 verbose checkoutTreeish
95 verbose checkoutTreeish You are in 'detached HEAD' state. You can look around, make experimental
95 verbose checkoutTreeish changes and commit them, and you can discard any commits you make in this
95 verbose checkoutTreeish state without impacting any branches by performing another checkout.
95 verbose checkoutTreeish
95 verbose checkoutTreeish If you want to create a new branch to retain commits you create, you may
95 verbose checkoutTreeish do so (now or later) by using -b with the checkout command again. Example:
95 verbose checkoutTreeish
95 verbose checkoutTreeish   git checkout -b new_branch_name
95 verbose checkoutTreeish
95 verbose checkoutTreeish HEAD is now at 3a898dc... ignore examples, bump version
96 error addLocal Could not install /var/folders/32/hwtnq2v93kbg_zqqvqbs8msh0000gn/T/npm-28832-61e451b6/git-cache-ec495e74ba5c/3a898dc9ee7a2d97d387a3dfcd92a0b8a28ff68d
97 verbose stack Error: EISDIR, read
97 verbose stack     at Error (native)
98 verbose cwd /Users/arnaudpichon/dev/lolfol
99 error Darwin 14.4.0
100 error argv "node" "/Users/arnaudpichon/.nvm/versions/node/v0.12.0/bin/npm" "i" "--save" "snorpey/glitch-canvas"
101 error node v0.12.0
102 error npm  v2.12.0
103 error code EISDIR
104 error errno -21
105 error EISDIR, read
106 error If you need help, you may report this error at:
106 error     <https://github.com/npm/npm/issues>
107 verbose exit [ -21, true ]
